<?xml version="1.0" encoding="UTF-8"?>
<!-- Generated by org.testng.reporters.JUnitReportReporter -->
<testsuite skipped="0" hostname="Bootcamp17" name="automationTask.tt" tests="1" failures="0" timestamp="21 Nov 2018 13:27:06 GMT" time="67.372" errors="0">
  <testcase name="registration" time="67.372" classname="automationTask.tt"/>
</testsuite> <!-- automationTask.tt -->
