<?xml version="1.0" encoding="UTF-8"?>
<!-- Generated by org.testng.reporters.JUnitReportReporter -->
<testsuite skipped="0" hostname="Bootcamp17" name="com.DataDriven.test.Parameterizee" tests="1" failures="0" timestamp="22 Nov 2018 09:28:13 GMT" time="57.112" errors="0">
  <testcase name="VerifyAndAddUser" time="57.112" classname="com.DataDriven.test.Parameterizee"/>
</testsuite> <!-- com.DataDriven.test.Parameterizee -->
